wget-1.14-18.el7_6.1.x86_64
wget-1.14-18.el7_6.1.x86_64
--2021-09-17 09:48:25--  https://dev.mysql.com/get/mysql80-community-release-el7-3.noarch.rpm
Resolving dev.mysql.com (dev.mysql.com)... 137.254.60.11
Connecting to dev.mysql.com (dev.mysql.com)|137.254.60.11|:443... connected.
HTTP request sent, awaiting response... 302 Found
Location: https://repo.mysql.com//mysql80-community-release-el7-3.noarch.rpm [following]
--2021-09-17 09:48:29--  https://repo.mysql.com//mysql80-community-release-el7-3.noarch.rpm
Resolving repo.mysql.com (repo.mysql.com)... 23.55.248.248
Connecting to repo.mysql.com (repo.mysql.com)|23.55.248.248|:443... connected.
HTTP request sent, awaiting response... 200 OK
Length: 26024 (25K) [application/x-redhat-package-manager]
Saving to: ‘mysql.rpm’

     0K .......... .......... .....                           100%  246M=0s

2021-09-17 09:48:32 (246 MB/s) - ‘mysql.rpm’ saved [26024/26024]

warning: mysql.rpm: Header V3 DSA/SHA1 Signature, key ID 5072e1f5: NOKEY
Preparing...                          ########################################
Updating / installing...
mysql80-community-release-el7-3       ########################################
Loaded plugins: fastestmirror
Loading mirror speeds from cached hostfile
 * base: mirrors.ustc.edu.cn
 * extras: mirrors.huaweicloud.com
 * updates: mirrors.huaweicloud.com
Resolving Dependencies
--> Running transaction check
---> Package mysql-community-server.x86_64 0:5.6.51-2.el7 will be installed
--> Processing Dependency: mysql-community-common(x86-64) = 5.6.51-2.el7 for package: mysql-community-server-5.6.51-2.el7.x86_64
--> Processing Dependency: mysql-community-client(x86-64) >= 5.6.10 for package: mysql-community-server-5.6.51-2.el7.x86_64
--> Processing Dependency: /usr/bin/perl for package: mysql-community-server-5.6.51-2.el7.x86_64
--> Processing Dependency: perl(DBI) for package: mysql-community-server-5.6.51-2.el7.x86_64
--> Processing Dependency: perl(Data::Dumper) for package: mysql-community-server-5.6.51-2.el7.x86_64
--> Processing Dependency: perl(Fcntl) for package: mysql-community-server-5.6.51-2.el7.x86_64
--> Processing Dependency: perl(File::Basename) for package: mysql-community-server-5.6.51-2.el7.x86_64
--> Processing Dependency: perl(File::Copy) for package: mysql-community-server-5.6.51-2.el7.x86_64
--> Processing Dependency: perl(File::Path) for package: mysql-community-server-5.6.51-2.el7.x86_64
--> Processing Dependency: perl(File::Spec) for package: mysql-community-server-5.6.51-2.el7.x86_64
--> Processing Dependency: perl(File::Temp) for package: mysql-community-server-5.6.51-2.el7.x86_64
--> Processing Dependency: perl(Getopt::Long) for package: mysql-community-server-5.6.51-2.el7.x86_64
--> Processing Dependency: perl(POSIX) for package: mysql-community-server-5.6.51-2.el7.x86_64
--> Processing Dependency: perl(Sys::Hostname) for package: mysql-community-server-5.6.51-2.el7.x86_64
--> Processing Dependency: perl(if) for package: mysql-community-server-5.6.51-2.el7.x86_64
--> Processing Dependency: perl(strict) for package: mysql-community-server-5.6.51-2.el7.x86_64
--> Processing Dependency: perl(warnings) for package: mysql-community-server-5.6.51-2.el7.x86_64
--> Running transaction check
---> Package mysql-community-client.x86_64 0:5.6.51-2.el7 will be installed
--> Processing Dependency: mysql-community-libs(x86-64) >= 5.6.10 for package: mysql-community-client-5.6.51-2.el7.x86_64
--> Processing Dependency: perl(Exporter) for package: mysql-community-client-5.6.51-2.el7.x86_64
---> Package mysql-community-common.x86_64 0:5.6.51-2.el7 will be installed
---> Package perl.x86_64 4:5.16.3-299.el7_9 will be installed
--> Processing Dependency: perl-libs = 4:5.16.3-299.el7_9 for package: 4:perl-5.16.3-299.el7_9.x86_64
--> Processing Dependency: perl(Socket) >= 1.3 for package: 4:perl-5.16.3-299.el7_9.x86_64
--> Processing Dependency: perl(Scalar::Util) >= 1.10 for package: 4:perl-5.16.3-299.el7_9.x86_64
--> Processing Dependency: perl-macros for package: 4:perl-5.16.3-299.el7_9.x86_64
--> Processing Dependency: perl-libs for package: 4:perl-5.16.3-299.el7_9.x86_64
--> Processing Dependency: perl(threads::shared) for package: 4:perl-5.16.3-299.el7_9.x86_64
--> Processing Dependency: perl(threads) for package: 4:perl-5.16.3-299.el7_9.x86_64
--> Processing Dependency: perl(constant) for package: 4:perl-5.16.3-299.el7_9.x86_64
--> Processing Dependency: perl(Time::Local) for package: 4:perl-5.16.3-299.el7_9.x86_64
--> Processing Dependency: perl(Time::HiRes) for package: 4:perl-5.16.3-299.el7_9.x86_64
--> Processing Dependency: perl(Storable) for package: 4:perl-5.16.3-299.el7_9.x86_64
--> Processing Dependency: perl(Socket) for package: 4:perl-5.16.3-299.el7_9.x86_64
--> Processing Dependency: perl(Scalar::Util) for package: 4:perl-5.16.3-299.el7_9.x86_64
--> Processing Dependency: perl(Pod::Simple::XHTML) for package: 4:perl-5.16.3-299.el7_9.x86_64
--> Processing Dependency: perl(Pod::Simple::Search) for package: 4:perl-5.16.3-299.el7_9.x86_64
--> Processing Dependency: perl(Filter::Util::Call) for package: 4:perl-5.16.3-299.el7_9.x86_64
--> Processing Dependency: perl(Carp) for package: 4:perl-5.16.3-299.el7_9.x86_64
--> Processing Dependency: libperl.so()(64bit) for package: 4:perl-5.16.3-299.el7_9.x86_64
---> Package perl-DBI.x86_64 0:1.627-4.el7 will be installed
--> Processing Dependency: perl(RPC::PlServer) >= 0.2001 for package: perl-DBI-1.627-4.el7.x86_64
--> Processing Dependency: perl(RPC::PlClient) >= 0.2000 for package: perl-DBI-1.627-4.el7.x86_64
---> Package perl-Data-Dumper.x86_64 0:2.145-3.el7 will be installed
---> Package perl-File-Path.noarch 0:2.09-2.el7 will be installed
---> Package perl-File-Temp.noarch 0:0.23.01-3.el7 will be installed
---> Package perl-Getopt-Long.noarch 0:2.40-3.el7 will be installed
--> Processing Dependency: perl(Pod::Usage) >= 1.14 for package: perl-Getopt-Long-2.40-3.el7.noarch
--> Processing Dependency: perl(Text::ParseWords) for package: perl-Getopt-Long-2.40-3.el7.noarch
---> Package perl-PathTools.x86_64 0:3.40-5.el7 will be installed
--> Running transaction check
---> Package mariadb-libs.x86_64 1:5.5.68-1.el7 will be obsoleted
---> Package mysql-community-libs.x86_64 0:5.6.51-2.el7 will be obsoleting
---> Package perl-Carp.noarch 0:1.26-244.el7 will be installed
---> Package perl-Exporter.noarch 0:5.68-3.el7 will be installed
---> Package perl-Filter.x86_64 0:1.49-3.el7 will be installed
---> Package perl-PlRPC.noarch 0:0.2020-14.el7 will be installed
--> Processing Dependency: perl(Net::Daemon) >= 0.13 for package: perl-PlRPC-0.2020-14.el7.noarch
--> Processing Dependency: perl(Net::Daemon::Test) for package: perl-PlRPC-0.2020-14.el7.noarch
--> Processing Dependency: perl(Net::Daemon::Log) for package: perl-PlRPC-0.2020-14.el7.noarch
--> Processing Dependency: perl(Compress::Zlib) for package: perl-PlRPC-0.2020-14.el7.noarch
---> Package perl-Pod-Simple.noarch 1:3.28-4.el7 will be installed
--> Processing Dependency: perl(Pod::Escapes) >= 1.04 for package: 1:perl-Pod-Simple-3.28-4.el7.noarch
--> Processing Dependency: perl(Encode) for package: 1:perl-Pod-Simple-3.28-4.el7.noarch
---> Package perl-Pod-Usage.noarch 0:1.63-3.el7 will be installed
--> Processing Dependency: perl(Pod::Text) >= 3.15 for package: perl-Pod-Usage-1.63-3.el7.noarch
--> Processing Dependency: perl-Pod-Perldoc for package: perl-Pod-Usage-1.63-3.el7.noarch
---> Package perl-Scalar-List-Utils.x86_64 0:1.27-248.el7 will be installed
---> Package perl-Socket.x86_64 0:2.010-5.el7 will be installed
---> Package perl-Storable.x86_64 0:2.45-3.el7 will be installed
---> Package perl-Text-ParseWords.noarch 0:3.29-4.el7 will be installed
---> Package perl-Time-HiRes.x86_64 4:1.9725-3.el7 will be installed
---> Package perl-Time-Local.noarch 0:1.2300-2.el7 will be installed
---> Package perl-constant.noarch 0:1.27-2.el7 will be installed
---> Package perl-libs.x86_64 4:5.16.3-299.el7_9 will be installed
---> Package perl-macros.x86_64 4:5.16.3-299.el7_9 will be installed
---> Package perl-threads.x86_64 0:1.87-4.el7 will be installed
---> Package perl-threads-shared.x86_64 0:1.43-6.el7 will be installed
--> Running transaction check
---> Package perl-Encode.x86_64 0:2.51-7.el7 will be installed
---> Package perl-IO-Compress.noarch 0:2.061-2.el7 will be installed
--> Processing Dependency: perl(Compress::Raw::Zlib) >= 2.061 for package: perl-IO-Compress-2.061-2.el7.noarch
--> Processing Dependency: perl(Compress::Raw::Bzip2) >= 2.061 for package: perl-IO-Compress-2.061-2.el7.noarch
---> Package perl-Net-Daemon.noarch 0:0.48-5.el7 will be installed
---> Package perl-Pod-Escapes.noarch 1:1.04-299.el7_9 will be installed
---> Package perl-Pod-Perldoc.noarch 0:3.20-4.el7 will be installed
--> Processing Dependency: perl(parent) for package: perl-Pod-Perldoc-3.20-4.el7.noarch
--> Processing Dependency: perl(HTTP::Tiny) for package: perl-Pod-Perldoc-3.20-4.el7.noarch
---> Package perl-podlators.noarch 0:2.5.1-3.el7 will be installed
--> Running transaction check
---> Package perl-Compress-Raw-Bzip2.x86_64 0:2.061-3.el7 will be installed
---> Package perl-Compress-Raw-Zlib.x86_64 1:2.061-4.el7 will be installed
---> Package perl-HTTP-Tiny.noarch 0:0.033-3.el7 will be installed
---> Package perl-parent.noarch 1:0.225-244.el7 will be installed
--> Finished Dependency Resolution

Dependencies Resolved

================================================================================
 Package                  Arch    Version              Repository          Size
================================================================================
Installing:
 mysql-community-libs     x86_64  5.6.51-2.el7         mysql56-community  2.2 M
     replacing  mariadb-libs.x86_64 1:5.5.68-1.el7
 mysql-community-server   x86_64  5.6.51-2.el7         mysql56-community   67 M
Installing for dependencies:
 mysql-community-client   x86_64  5.6.51-2.el7         mysql56-community   21 M
 mysql-community-common   x86_64  5.6.51-2.el7         mysql56-community  287 k
 perl                     x86_64  4:5.16.3-299.el7_9   updates            8.0 M
 perl-Carp                noarch  1.26-244.el7         base                19 k
 perl-Compress-Raw-Bzip2  x86_64  2.061-3.el7          base                32 k
 perl-Compress-Raw-Zlib   x86_64  1:2.061-4.el7        base                57 k
 perl-DBI                 x86_64  1.627-4.el7          base               802 k
 perl-Data-Dumper         x86_64  2.145-3.el7          base                47 k
 perl-Encode              x86_64  2.51-7.el7           base               1.5 M
 perl-Exporter            noarch  5.68-3.el7           base                28 k
 perl-File-Path           noarch  2.09-2.el7           base                26 k
 perl-File-Temp           noarch  0.23.01-3.el7        base                56 k
 perl-Filter              x86_64  1.49-3.el7           base                76 k
 perl-Getopt-Long         noarch  2.40-3.el7           base                56 k
 perl-HTTP-Tiny           noarch  0.033-3.el7          base                38 k
 perl-IO-Compress         noarch  2.061-2.el7          base               260 k
 perl-Net-Daemon          noarch  0.48-5.el7           base                51 k
 perl-PathTools           x86_64  3.40-5.el7           base                82 k
 perl-PlRPC               noarch  0.2020-14.el7        base                36 k
 perl-Pod-Escapes         noarch  1:1.04-299.el7_9     updates             52 k
 perl-Pod-Perldoc         noarch  3.20-4.el7           base                87 k
 perl-Pod-Simple          noarch  1:3.28-4.el7         base               216 k
 perl-Pod-Usage           noarch  1.63-3.el7           base                27 k
 perl-Scalar-List-Utils   x86_64  1.27-248.el7         base                36 k
 perl-Socket              x86_64  2.010-5.el7          base                49 k
 perl-Storable            x86_64  2.45-3.el7           base                77 k
 perl-Text-ParseWords     noarch  3.29-4.el7           base                14 k
 perl-Time-HiRes          x86_64  4:1.9725-3.el7       base                45 k
 perl-Time-Local          noarch  1.2300-2.el7         base                24 k
 perl-constant            noarch  1.27-2.el7           base                19 k
 perl-libs                x86_64  4:5.16.3-299.el7_9   updates            690 k
 perl-macros              x86_64  4:5.16.3-299.el7_9   updates             44 k
 perl-parent              noarch  1:0.225-244.el7      base                12 k
 perl-podlators           noarch  2.5.1-3.el7          base               112 k
 perl-threads             x86_64  1.87-4.el7           base                49 k
 perl-threads-shared      x86_64  1.43-6.el7           base                39 k

Transaction Summary
================================================================================
Install  2 Packages (+36 Dependent packages)

Total download size: 102 M
Downloading packages:
warning: /var/cache/yum/x86_64/7/mysql56-community/packages/mysql-community-common-5.6.51-2.el7.x86_64.rpm: Header V3 DSA/SHA1 Signature, key ID 5072e1f5: NOKEY
Public key for mysql-community-common-5.6.51-2.el7.x86_64.rpm is not installed
--------------------------------------------------------------------------------
Total                                              515 kB/s | 102 MB  03:23     
Retrieving key from file:///etc/pki/rpm-gpg/RPM-GPG-KEY-mysql
Importing GPG key 0x5072E1F5:
 Userid     : "MySQL Release Engineering <mysql-build@oss.oracle.com>"
 Fingerprint: a4a9 4068 76fc bd3c 4567 70c8 8c71 8d3b 5072 e1f5
 Package    : mysql80-community-release-el7-3.noarch (installed)
 From       : /etc/pki/rpm-gpg/RPM-GPG-KEY-mysql
Running transaction check
Running transaction test
Transaction test succeeded
Running transaction
Warning: RPMDB altered outside of yum.
  Installing : mysql-community-common-5.6.51-2.el7.x86_64                  1/39 
  Installing : mysql-community-libs-5.6.51-2.el7.x86_64                    2/39 
  Installing : 1:perl-parent-0.225-244.el7.noarch                          3/39 
  Installing : perl-HTTP-Tiny-0.033-3.el7.noarch                           4/39 
  Installing : perl-podlators-2.5.1-3.el7.noarch                           5/39 
  Installing : perl-Pod-Perldoc-3.20-4.el7.noarch                          6/39 
  Installing : 1:perl-Pod-Escapes-1.04-299.el7_9.noarch                    7/39 
  Installing : perl-Encode-2.51-7.el7.x86_64                               8/39 
  Installing : perl-Text-ParseWords-3.29-4.el7.noarch                      9/39 
  Installing : perl-Pod-Usage-1.63-3.el7.noarch                           10/39 
  Installing : 4:perl-macros-5.16.3-299.el7_9.x86_64                      11/39 
  Installing : 4:perl-Time-HiRes-1.9725-3.el7.x86_64                      12/39 
  Installing : perl-Exporter-5.68-3.el7.noarch                            13/39 
  Installing : perl-constant-1.27-2.el7.noarch                            14/39 
  Installing : perl-Socket-2.010-5.el7.x86_64                             15/39 
  Installing : perl-Time-Local-1.2300-2.el7.noarch                        16/39 
  Installing : perl-Carp-1.26-244.el7.noarch                              17/39 
  Installing : perl-Storable-2.45-3.el7.x86_64                            18/39 
  Installing : perl-PathTools-3.40-5.el7.x86_64                           19/39 
  Installing : perl-Scalar-List-Utils-1.27-248.el7.x86_64                 20/39 
  Installing : 1:perl-Pod-Simple-3.28-4.el7.noarch                        21/39 
  Installing : perl-File-Temp-0.23.01-3.el7.noarch                        22/39 
  Installing : perl-File-Path-2.09-2.el7.noarch                           23/39 
  Installing : perl-threads-shared-1.43-6.el7.x86_64                      24/39 
  Installing : perl-threads-1.87-4.el7.x86_64                             25/39 
  Installing : perl-Filter-1.49-3.el7.x86_64                              26/39 
  Installing : 4:perl-libs-5.16.3-299.el7_9.x86_64                        27/39 
  Installing : perl-Getopt-Long-2.40-3.el7.noarch                         28/39 
  Installing : 4:perl-5.16.3-299.el7_9.x86_64                             29/39 
  Installing : perl-Data-Dumper-2.145-3.el7.x86_64                        30/39 
  Installing : perl-Net-Daemon-0.48-5.el7.noarch                          31/39 
  Installing : perl-Compress-Raw-Bzip2-2.061-3.el7.x86_64                 32/39 
  Installing : 1:perl-Compress-Raw-Zlib-2.061-4.el7.x86_64                33/39 
  Installing : perl-IO-Compress-2.061-2.el7.noarch                        34/39 
  Installing : perl-PlRPC-0.2020-14.el7.noarch                            35/39 
  Installing : perl-DBI-1.627-4.el7.x86_64                                36/39 
  Installing : mysql-community-client-5.6.51-2.el7.x86_64                 37/39 
  Installing : mysql-community-server-5.6.51-2.el7.x86_64                 38/39 
  Erasing    : 1:mariadb-libs-5.5.68-1.el7.x86_64                         39/39 
  Verifying  : perl-HTTP-Tiny-0.033-3.el7.noarch                           1/39 
  Verifying  : perl-threads-shared-1.43-6.el7.x86_64                       2/39 
  Verifying  : 4:perl-Time-HiRes-1.9725-3.el7.x86_64                       3/39 
  Verifying  : perl-IO-Compress-2.061-2.el7.noarch                         4/39 
  Verifying  : perl-Exporter-5.68-3.el7.noarch                             5/39 
  Verifying  : perl-constant-1.27-2.el7.noarch                             6/39 
  Verifying  : perl-PathTools-3.40-5.el7.x86_64                            7/39 
  Verifying  : mysql-community-common-5.6.51-2.el7.x86_64                  8/39 
  Verifying  : 4:perl-macros-5.16.3-299.el7_9.x86_64                       9/39 
  Verifying  : 1:perl-parent-0.225-244.el7.noarch                         10/39 
  Verifying  : perl-Socket-2.010-5.el7.x86_64                             11/39 
  Verifying  : perl-Net-Daemon-0.48-5.el7.noarch                          12/39 
  Verifying  : mysql-community-libs-5.6.51-2.el7.x86_64                   13/39 
  Verifying  : perl-File-Temp-0.23.01-3.el7.noarch                        14/39 
  Verifying  : 1:perl-Pod-Simple-3.28-4.el7.noarch                        15/39 
  Verifying  : perl-Getopt-Long-2.40-3.el7.noarch                         16/39 
  Verifying  : perl-Time-Local-1.2300-2.el7.noarch                        17/39 
  Verifying  : 1:perl-Pod-Escapes-1.04-299.el7_9.noarch                   18/39 
  Verifying  : perl-DBI-1.627-4.el7.x86_64                                19/39 
  Verifying  : perl-Carp-1.26-244.el7.noarch                              20/39 
  Verifying  : perl-Data-Dumper-2.145-3.el7.x86_64                        21/39 
  Verifying  : perl-Compress-Raw-Bzip2-2.061-3.el7.x86_64                 22/39 
  Verifying  : perl-Storable-2.45-3.el7.x86_64                            23/39 
  Verifying  : perl-Scalar-List-Utils-1.27-248.el7.x86_64                 24/39 
  Verifying  : 1:perl-Compress-Raw-Zlib-2.061-4.el7.x86_64                25/39 
  Verifying  : perl-Pod-Usage-1.63-3.el7.noarch                           26/39 
  Verifying  : perl-PlRPC-0.2020-14.el7.noarch                            27/39 
  Verifying  : perl-Encode-2.51-7.el7.x86_64                              28/39 
  Verifying  : perl-Pod-Perldoc-3.20-4.el7.noarch                         29/39 
  Verifying  : perl-podlators-2.5.1-3.el7.noarch                          30/39 
  Verifying  : 4:perl-5.16.3-299.el7_9.x86_64                             31/39 
  Verifying  : perl-File-Path-2.09-2.el7.noarch                           32/39 
  Verifying  : perl-threads-1.87-4.el7.x86_64                             33/39 
  Verifying  : perl-Filter-1.49-3.el7.x86_64                              34/39 
  Verifying  : mysql-community-server-5.6.51-2.el7.x86_64                 35/39 
  Verifying  : perl-Text-ParseWords-3.29-4.el7.noarch                     36/39 
  Verifying  : 4:perl-libs-5.16.3-299.el7_9.x86_64                        37/39 
  Verifying  : mysql-community-client-5.6.51-2.el7.x86_64                 38/39 
  Verifying  : 1:mariadb-libs-5.5.68-1.el7.x86_64                         39/39 

Installed:
  mysql-community-libs.x86_64 0:5.6.51-2.el7                                    
  mysql-community-server.x86_64 0:5.6.51-2.el7                                  

Dependency Installed:
  mysql-community-client.x86_64 0:5.6.51-2.el7                                  
  mysql-community-common.x86_64 0:5.6.51-2.el7                                  
  perl.x86_64 4:5.16.3-299.el7_9                                                
  perl-Carp.noarch 0:1.26-244.el7                                               
  perl-Compress-Raw-Bzip2.x86_64 0:2.061-3.el7                                  
  perl-Compress-Raw-Zlib.x86_64 1:2.061-4.el7                                   
  perl-DBI.x86_64 0:1.627-4.el7                                                 
  perl-Data-Dumper.x86_64 0:2.145-3.el7                                         
  perl-Encode.x86_64 0:2.51-7.el7                                               
  perl-Exporter.noarch 0:5.68-3.el7                                             
  perl-File-Path.noarch 0:2.09-2.el7                                            
  perl-File-Temp.noarch 0:0.23.01-3.el7                                         
  perl-Filter.x86_64 0:1.49-3.el7                                               
  perl-Getopt-Long.noarch 0:2.40-3.el7                                          
  perl-HTTP-Tiny.noarch 0:0.033-3.el7                                           
  perl-IO-Compress.noarch 0:2.061-2.el7                                         
  perl-Net-Daemon.noarch 0:0.48-5.el7                                           
  perl-PathTools.x86_64 0:3.40-5.el7                                            
  perl-PlRPC.noarch 0:0.2020-14.el7                                             
  perl-Pod-Escapes.noarch 1:1.04-299.el7_9                                      
  perl-Pod-Perldoc.noarch 0:3.20-4.el7                                          
  perl-Pod-Simple.noarch 1:3.28-4.el7                                           
  perl-Pod-Usage.noarch 0:1.63-3.el7                                            
  perl-Scalar-List-Utils.x86_64 0:1.27-248.el7                                  
  perl-Socket.x86_64 0:2.010-5.el7                                              
  perl-Storable.x86_64 0:2.45-3.el7                                             
  perl-Text-ParseWords.noarch 0:3.29-4.el7                                      
  perl-Time-HiRes.x86_64 4:1.9725-3.el7                                         
  perl-Time-Local.noarch 0:1.2300-2.el7                                         
  perl-constant.noarch 0:1.27-2.el7                                             
  perl-libs.x86_64 4:5.16.3-299.el7_9                                           
  perl-macros.x86_64 4:5.16.3-299.el7_9                                         
  perl-parent.noarch 1:0.225-244.el7                                            
  perl-podlators.noarch 0:2.5.1-3.el7                                           
  perl-threads.x86_64 0:1.87-4.el7                                              
  perl-threads-shared.x86_64 0:1.43-6.el7                                       

Replaced:
  mariadb-libs.x86_64 1:5.5.68-1.el7                                            

Complete!
mysql-community-server-5.6.51-2.el7.x86_64
mysqlserver安装成功
ERROR 2002 (HY000): Can't connect to local MySQL server through socket '/var/lib/mysql/mysql.sock' (2)
ERROR 2002 (HY000): Can't connect to local MySQL server through socket '/var/lib/mysql/mysql.sock' (2)
Warning: Using a password on the command line interface can be insecure.
ERROR 2002 (HY000): Can't connect to local MySQL server through socket '/var/lib/mysql/mysql.sock' (2)
ERROR 2002 (HY000): Can't connect to local MySQL server through socket '/var/lib/mysql/mysql.sock' (2)
